  BankSystem2.cpp
C:\Users\El-hoda\OneDrive - Damietta University\Desktop\abo-hadhoud\abo-had\BankSystem2\Simple-OOP-Bank-system\MyLib\clsString.h(39,25): warning C4267: 'return': conversion from 'size_t' to 'short', possible loss of data
C:\Users\El-hoda\OneDrive - Damietta University\Desktop\abo-hadhoud\abo-had\BankSystem2\Simple-OOP-Bank-system\MyLib\clsString.h(45,29): warning C4267: 'return': conversion from 'size_t' to 'short', possible loss of data
C:\Users\El-hoda\OneDrive - Damietta University\Desktop\abo-hadhoud\abo-had\BankSystem2\Simple-OOP-Bank-system\MyLib\clsString.h(57,30): warning C4267: '=': conversion from 'size_t' to 'short', possible loss of data
C:\Users\El-hoda\OneDrive - Damietta University\Desktop\abo-hadhoud\abo-had\BankSystem2\Simple-OOP-Bank-system\MyLib\clsString.h(187,29): warning C4267: 'return': conversion from 'size_t' to 'short', possible loss of data
C:\Users\El-hoda\OneDrive - Damietta University\Desktop\abo-hadhoud\abo-had\BankSystem2\Simple-OOP-Bank-system\MyLib\clsString.h(302,30): warning C4267: '=': conversion from 'size_t' to 'short', possible loss of data
C:\Users\El-hoda\OneDrive - Damietta University\Desktop\abo-hadhoud\abo-had\BankSystem2\Simple-OOP-Bank-system\MyLib\clsString.h(346,22): warning C4267: 'initializing': conversion from 'size_t' to 'short', possible loss of data
C:\Users\El-hoda\OneDrive - Damietta University\Desktop\abo-hadhoud\abo-had\BankSystem2\Simple-OOP-Bank-system\MyLib\clsUtil.h(66,5): warning C4102: 'defualt': unreferenced label
C:\Users\El-hoda\OneDrive - Damietta University\Desktop\abo-hadhoud\abo-had\BankSystem2\Simple-OOP-Bank-system\Core\clsUser.h(175,5): warning C4240: nonstandard extension used: access to 'clsUser::stLoginRegisterRecord' now defined to be 'public', previously it was defined to be 'private'
C:\Users\El-hoda\OneDrive - Damietta University\Desktop\abo-hadhoud\abo-had\BankSystem2\Simple-OOP-Bank-system\Core\clsUser.h(24,12): message : see declaration of 'clsUser::stLoginRegisterRecord'
C:\Users\El-hoda\OneDrive - Damietta University\Desktop\abo-hadhoud\abo-had\BankSystem2\Simple-OOP-Bank-system\MyLib\clsInputValidate.h(121,16): warning C4244: 'initializing': conversion from 'double' to 'float', possible loss of data
C:\Users\El-hoda\OneDrive - Damietta University\Desktop\abo-hadhoud\abo-had\BankSystem2\Simple-OOP-Bank-system\MyLib\clsInputValidate.h(126,26): warning C4244: '=': conversion from 'double' to 'float', possible loss of data
C:\Users\El-hoda\OneDrive - Damietta University\Desktop\abo-hadhoud\abo-had\BankSystem2\Simple-OOP-Bank-system\Core\clsBankClient.h(185,5): warning C4240: nonstandard extension used: access to 'clsBankClient::stTrnsferLogRecord' now defined to be 'public', previously it was defined to be 'private'
C:\Users\El-hoda\OneDrive - Damietta University\Desktop\abo-hadhoud\abo-had\BankSystem2\Simple-OOP-Bank-system\Core\clsBankClient.h(135,12): message : see declaration of 'clsBankClient::stTrnsferLogRecord'
C:\Users\El-hoda\OneDrive - Damietta University\Desktop\abo-hadhoud\abo-had\BankSystem2\Simple-OOP-Bank-system\Core\clsBankClient.h(28,65): warning C4244: 'argument': conversion from 'double' to 'float', possible loss of data
C:\Users\El-hoda\OneDrive - Damietta University\Desktop\abo-hadhoud\abo-had\BankSystem2\Simple-OOP-Bank-system\Core\clsBankClient.h(146,39): warning C4244: '=': conversion from 'double' to 'float', possible loss of data
C:\Users\El-hoda\OneDrive - Damietta University\Desktop\abo-hadhoud\abo-had\BankSystem2\Simple-OOP-Bank-system\Core\clsBankClient.h(147,48): warning C4244: '=': conversion from 'double' to 'float', possible loss of data
C:\Users\El-hoda\OneDrive - Damietta University\Desktop\abo-hadhoud\abo-had\BankSystem2\Simple-OOP-Bank-system\Core\clsBankClient.h(148,49): warning C4244: '=': conversion from 'double' to 'float', possible loss of data
C:\Users\El-hoda\OneDrive - Damietta University\Desktop\abo-hadhoud\abo-had\BankSystem2\Simple-OOP-Bank-system\Core\clsBankClient.h(393,16): warning C4244: 'return': conversion from 'double' to 'float', possible loss of data
C:\Users\El-hoda\OneDrive - Damietta University\Desktop\abo-hadhoud\abo-had\BankSystem2\Simple-OOP-Bank-system\Core\clsBankClient.h(399,28): warning C4244: '+=': conversion from 'double' to 'float', possible loss of data
C:\Users\El-hoda\OneDrive - Damietta University\Desktop\abo-hadhoud\abo-had\BankSystem2\Simple-OOP-Bank-system\Core\clsBankClient.h(410,32): warning C4244: '-=': conversion from 'double' to 'float', possible loss of data
C:\Users\El-hoda\OneDrive - Damietta University\Desktop\abo-hadhoud\abo-had\BankSystem2\Simple-OOP-Bank-system\Screens\Client\clsAddNewClientScreen.h(31,66): warning C4244: 'argument': conversion from 'double' to 'float', possible loss of data
C:\Users\El-hoda\OneDrive - Damietta University\Desktop\abo-hadhoud\abo-had\BankSystem2\Simple-OOP-Bank-system\Screens\Client\clsUpdateClientScreen.h(47,66): warning C4244: 'argument': conversion from 'double' to 'float', possible loss of data
C:\Users\El-hoda\OneDrive - Damietta University\Desktop\abo-hadhoud\abo-had\BankSystem2\Simple-OOP-Bank-system\Screens\Client\clsTotalBalancesScreen.h(56,82): warning C4244: 'argument': conversion from 'double' to 'int', possible loss of data
C:\Users\El-hoda\OneDrive - Damietta University\Desktop\abo-hadhoud\abo-had\BankSystem2\Simple-OOP-Bank-system\Screens\Client\clsTransferScreen.h(42,51): warning C4244: '=': conversion from 'double' to 'float', possible loss of data
C:\Users\El-hoda\OneDrive - Damietta University\Desktop\abo-hadhoud\abo-had\BankSystem2\Simple-OOP-Bank-system\Screens\Client\clsTransferScreen.h(47,53): warning C4244: '=': conversion from 'double' to 'float', possible loss of data
C:\Users\El-hoda\OneDrive - Damietta University\Desktop\abo-hadhoud\abo-had\BankSystem2\Simple-OOP-Bank-system\Core\clsCurrency.h(24,17): warning C4244: 'argument': conversion from 'double' to 'float', possible loss of data
C:\Users\El-hoda\OneDrive - Damietta University\Desktop\abo-hadhoud\abo-had\BankSystem2\Simple-OOP-Bank-system\Screens\Currencies\clsUpdateCurrencyRateScreen.h(17,52): warning C4244: '=': conversion from 'double' to 'float', possible loss of data
C:\Users\El-hoda\OneDrive - Damietta University\Desktop\abo-hadhoud\abo-had\BankSystem2\Simple-OOP-Bank-system\Screens\Currencies\clsCurrencyCalculatorScreen.h(17,51): warning C4244: '=': conversion from 'double' to 'float', possible loss of data
C:\Users\El-hoda\OneDrive - Damietta University\Desktop\abo-hadhoud\abo-had\BankSystem2\Simple-OOP-Bank-system\Core\clsBankClient.h(343): warning C4715: 'clsBankClient::Save': not all control paths return a value
C:\Users\El-hoda\OneDrive - Damietta University\Desktop\abo-hadhoud\abo-had\BankSystem2\Simple-OOP-Bank-system\Core\clsBankClient.h(413): warning C4715: 'clsBankClient::Withdraw': not all control paths return a value
C:\Users\El-hoda\OneDrive - Damietta University\Desktop\abo-hadhoud\abo-had\BankSystem2\Simple-OOP-Bank-system\Core\clsUser.h(326): warning C4715: 'clsUser::Save': not all control paths return a value
  BankSystem2.vcxproj -> C:\Users\El-hoda\OneDrive - Damietta University\Desktop\abo-hadhoud\abo-had\BankSystem2\Simple-OOP-Bank-system\x64\Debug\BankSystem2.exe
